<?xml version="1.0" encoding="UTF-8"?>
<!-- Generated by org.testng.reporters.JUnitReportReporter -->
<testsuite skipped="0" hostname="U6016926-TPL-A" name="testcode.TestNG_2" tests="1" failures="0" timestamp="23 Aug 2018 17:54:45 GMT" time="0.012" errors="0">
  <testcase name="verifyHomepageTitle" time="0.012" classname="testcode.TestNG_2"/>
</testsuite> <!-- testcode.TestNG_2 -->
