<?xml version="1.0" encoding="UTF-8"?>
<!-- Generated by org.testng.reporters.JUnitReportReporter -->
<testsuite skipped="0" hostname="U6016926-TPL-A" name="testcase.testscript.TC_001" tests="1" failures="0" timestamp="13 Aug 2018 12:51:01 GMT" time="9.084" errors="0">
  <testcase name="login" time="9.084" classname="testcase.testscript.TC_001"/>
</testsuite> <!-- testcase.testscript.TC_001 -->
