<?xml version="1.0" encoding="UTF-8"?>
<!-- Generated by org.testng.reporters.JUnitReportReporter -->
<testsuite skipped="0" hostname="U6016926-TPL-A" name="testcase.steodef.TestRunner" tests="1" failures="0" timestamp="23 Aug 2018 04:08:17 GMT" time="0.066" errors="0">
  <testcase name="feature" time="0.066" classname="testcase.steodef.TestRunner"/>
</testsuite> <!-- testcase.steodef.TestRunner -->
