<?xml version="1.0" encoding="UTF-8"?>
<!-- Generated by org.testng.reporters.JUnitReportReporter -->
<testsuite skipped="0" hostname="U6016926-TPL-A" name="testcase.testscript.TestNG_2" tests="1" failures="0" timestamp="20 Aug 2018 15:56:48 GMT" time="0.008" errors="0">
  <testcase name="verifyHomepageTitle" time="0.008" classname="testcase.testscript.TestNG_2"/>
</testsuite> <!-- testcase.testscript.TestNG_2 -->
