<?xml version="1.0" encoding="UTF-8"?>
<!-- Generated by org.testng.reporters.JUnitReportReporter -->
<testsuite skipped="0" hostname="U6016926-TPL-A" name="testcase.testscript.TC_001" tests="1" failures="0" timestamp="20 Aug 2018 13:52:48 GMT" time="13.804" errors="0">
  <testcase name="login" time="13.804" classname="testcase.testscript.TC_001"/>
</testsuite> <!-- testcase.testscript.TC_001 -->
