<?xml version="1.0" encoding="UTF-8"?>
<!-- Generated by org.testng.reporters.JUnitReportReporter -->
<testsuite skipped="0" hostname="U6016926-TPL-A" name="testcase.testscript.T1" tests="1" failures="0" timestamp="20 Aug 2018 15:49:19 GMT" time="9.425" errors="0">
  <testcase name="verifyHomepageTitle" time="9.425" classname="testcase.testscript.T1"/>
</testsuite> <!-- testcase.testscript.T1 -->
