<?xml version="1.0" encoding="UTF-8"?>
<!-- Generated by org.testng.reporters.JUnitReportReporter -->
<testsuite skipped="0" hostname="U6016926-TPL-A" name="testcode.T1" tests="1" failures="0" timestamp="23 Aug 2018 17:54:45 GMT" time="11.321" errors="0">
  <testcase name="verifyHomepageTitle" time="11.321" classname="testcode.T1"/>
</testsuite> <!-- testcode.T1 -->
